\BOOKMARK [0][-]{chapter.1}{\376\377\000C\000o\000n\000n\000e\000c\000t\000\040\000t\000o\000\040\000R\000o\000b\000o\000t\000S\000e\000n\000s\000o\000r\000s}{}% 1
\BOOKMARK [0][-]{chapter.2}{\376\377\000M\000o\000d\000u\000l\000e\000\040\000I\000n\000d\000e\000x}{}% 2
\BOOKMARK [1][-]{section.2.1}{\376\377\000M\000o\000d\000u\000l\000e\000s}{chapter.2}% 3
\BOOKMARK [0][-]{chapter.3}{\376\377\000F\000i\000l\000e\000\040\000I\000n\000d\000e\000x}{}% 4
\BOOKMARK [1][-]{section.3.1}{\376\377\000F\000i\000l\000e\000\040\000L\000i\000s\000t}{chapter.3}% 5
\BOOKMARK [0][-]{chapter.4}{\376\377\000M\000o\000d\000u\000l\000e\000\040\000D\000o\000c\000u\000m\000e\000n\000t\000a\000t\000i\000o\000n}{}% 6
\BOOKMARK [1][-]{section.4.1}{\376\377\000D\000i\000r\000e\000c\000t\000i\000o\000n}{chapter.4}% 7
\BOOKMARK [2][-]{subsection.4.1.1}{\376\377\000D\000e\000t\000a\000i\000l\000e\000d\000\040\000D\000e\000s\000c\000r\000i\000p\000t\000i\000o\000n}{section.4.1}% 8
\BOOKMARK [1][-]{section.4.2}{\376\377\000S\000t\000a\000t\000u\000s}{chapter.4}% 9
\BOOKMARK [2][-]{subsection.4.2.1}{\376\377\000D\000e\000t\000a\000i\000l\000e\000d\000\040\000D\000e\000s\000c\000r\000i\000p\000t\000i\000o\000n}{section.4.2}% 10
\BOOKMARK [1][-]{section.4.3}{\376\377\000M\000o\000d\000e}{chapter.4}% 11
\BOOKMARK [2][-]{subsection.4.3.1}{\376\377\000D\000e\000t\000a\000i\000l\000e\000d\000\040\000D\000e\000s\000c\000r\000i\000p\000t\000i\000o\000n}{section.4.3}% 12
\BOOKMARK [1][-]{section.4.4}{\376\377\000D\000a\000y\000\040\000o\000f\000\040\000W\000e\000e\000k}{chapter.4}% 13
\BOOKMARK [2][-]{subsection.4.4.1}{\376\377\000D\000e\000t\000a\000i\000l\000e\000d\000\040\000D\000e\000s\000c\000r\000i\000p\000t\000i\000o\000n}{section.4.4}% 14
\BOOKMARK [1][-]{section.4.5}{\376\377\000M\000o\000n\000t\000h}{chapter.4}% 15
\BOOKMARK [2][-]{subsection.4.5.1}{\376\377\000D\000e\000t\000a\000i\000l\000e\000d\000\040\000D\000e\000s\000c\000r\000i\000p\000t\000i\000o\000n}{section.4.5}% 16
\BOOKMARK [0][-]{chapter.5}{\376\377\000F\000i\000l\000e\000\040\000D\000o\000c\000u\000m\000e\000n\000t\000a\000t\000i\000o\000n}{}% 17
\BOOKMARK [1][-]{section.5.1}{\376\377\000r\000o\000b\000o\000t\000S\000e\000n\000s\000o\000r\000s\000.\000n\000x\000c\000\040\000F\000i\000l\000e\000\040\000R\000e\000f\000e\000r\000e\000n\000c\000e}{chapter.5}% 18
\BOOKMARK [2][-]{subsection.5.1.1}{\376\377\000F\000u\000n\000c\000t\000i\000o\000n\000\040\000D\000o\000c\000u\000m\000e\000n\000t\000a\000t\000i\000o\000n}{section.5.1}% 19
\BOOKMARK [3][-]{subsubsection.5.1.1.1}{\376\377\000a\000c\000c\000e\000l\000e\000r\000o\000m\000e\000t\000e\000r\000R\000e\000a\000d}{subsection.5.1.1}% 20
\BOOKMARK [3][-]{subsubsection.5.1.1.2}{\376\377\000a\000m\000b\000i\000e\000n\000t\000T\000e\000m\000p\000e\000r\000a\000t\000u\000r\000e\000R\000e\000a\000d}{subsection.5.1.1}% 21
\BOOKMARK [3][-]{subsubsection.5.1.1.3}{\376\377\000b\000r\000i\000g\000h\000t\000n\000e\000s\000s\000R\000e\000a\000d}{subsection.5.1.1}% 22
\BOOKMARK [3][-]{subsubsection.5.1.1.4}{\376\377\000c\000a\000m\000e\000r\000a\000L\000i\000g\000h\000t\000O\000f\000f}{subsection.5.1.1}% 23
\BOOKMARK [3][-]{subsubsection.5.1.1.5}{\376\377\000c\000a\000m\000e\000r\000a\000L\000i\000g\000h\000t\000O\000n}{subsection.5.1.1}% 24
\BOOKMARK [3][-]{subsubsection.5.1.1.6}{\376\377\000c\000a\000m\000e\000r\000a\000R\000e\000a\000d}{subsection.5.1.1}% 25
\BOOKMARK [3][-]{subsubsection.5.1.1.7}{\376\377\000c\000a\000m\000e\000r\000a\000S\000t\000a\000r\000t}{subsection.5.1.1}% 26
\BOOKMARK [3][-]{subsubsection.5.1.1.8}{\376\377\000c\000a\000m\000e\000r\000a\000S\000t\000o\000p}{subsection.5.1.1}% 27
\BOOKMARK [3][-]{subsubsection.5.1.1.9}{\376\377\000g\000y\000r\000o\000s\000c\000o\000p\000e\000R\000e\000a\000d}{subsection.5.1.1}% 28
\BOOKMARK [3][-]{subsubsection.5.1.1.10}{\376\377\000m\000a\000g\000n\000e\000t\000i\000c\000F\000i\000e\000l\000d\000R\000e\000a\000d}{subsection.5.1.1}% 29
\BOOKMARK [3][-]{subsubsection.5.1.1.11}{\376\377\000m\000i\000c\000r\000o\000p\000h\000o\000n\000e\000N\000o\000i\000s\000e\000L\000e\000v\000e\000l}{subsection.5.1.1}% 30
\BOOKMARK [3][-]{subsubsection.5.1.1.12}{\376\377\000p\000i\000c\000t\000u\000r\000e\000A\000c\000c\000u\000B\000r\000i\000g\000h\000t\000e\000s\000t\000P\000o\000i\000n\000t}{subsection.5.1.1}% 31
\BOOKMARK [3][-]{subsubsection.5.1.1.13}{\376\377\000p\000i\000c\000t\000u\000r\000e\000A\000c\000c\000u\000C\000o\000p\000y}{subsection.5.1.1}% 32
\BOOKMARK [3][-]{subsubsection.5.1.1.14}{\376\377\000p\000i\000c\000t\000u\000r\000e\000A\000c\000c\000u\000C\000u\000t}{subsection.5.1.1}% 33
\BOOKMARK [3][-]{subsubsection.5.1.1.15}{\376\377\000p\000i\000c\000t\000u\000r\000e\000A\000c\000c\000u\000D\000a\000r\000k\000e\000s\000t\000P\000o\000i\000n\000t}{subsection.5.1.1}% 34
\BOOKMARK [3][-]{subsubsection.5.1.1.16}{\376\377\000p\000i\000c\000t\000u\000r\000e\000A\000c\000c\000u\000M\000e\000a\000n\000C\000o\000l\000o\000r}{subsection.5.1.1}% 35
\BOOKMARK [3][-]{subsubsection.5.1.1.17}{\376\377\000p\000i\000c\000t\000u\000r\000e\000A\000c\000c\000u\000S\000h\000o\000w}{subsection.5.1.1}% 36
\BOOKMARK [3][-]{subsubsection.5.1.1.18}{\376\377\000p\000i\000c\000t\000u\000r\000e\000A\000c\000c\000u\000S\000u\000b\000t\000r\000a\000c\000t}{subsection.5.1.1}% 37
\BOOKMARK [3][-]{subsubsection.5.1.1.19}{\376\377\000p\000r\000e\000s\000s\000u\000r\000e\000R\000e\000a\000d}{subsection.5.1.1}% 38
\BOOKMARK [3][-]{subsubsection.5.1.1.20}{\376\377\000r\000e\000l\000a\000t\000i\000v\000e\000H\000u\000m\000i\000d\000i\000t\000y\000R\000e\000a\000d}{subsection.5.1.1}% 39
\BOOKMARK [3][-]{subsubsection.5.1.1.21}{\376\377\000s\000p\000e\000e\000c\000h\000R\000e\000c\000o\000g\000n\000i\000z\000e\000r\000R\000e\000a\000d}{subsection.5.1.1}% 40
\BOOKMARK [3][-]{subsubsection.5.1.1.22}{\376\377\000s\000p\000e\000e\000c\000h\000R\000e\000c\000o\000g\000n\000i\000z\000e\000r\000S\000t\000a\000r\000t}{subsection.5.1.1}% 41
\BOOKMARK [3][-]{subsubsection.5.1.1.23}{\376\377\000s\000p\000e\000e\000c\000h\000R\000e\000c\000o\000g\000n\000i\000z\000e\000r\000S\000t\000o\000p}{subsection.5.1.1}% 42
\BOOKMARK [3][-]{subsubsection.5.1.1.24}{\376\377\000t\000i\000m\000e\000R\000e\000a\000d}{subsection.5.1.1}% 43
\BOOKMARK [-1][-]{section*.9}{\376\377\000I\000n\000d\000e\000x}{}% 44
