\BOOKMARK [0][-]{chapter.1}{\376\377\000M\000o\000d\000u\000l\000s}{}% 1
\BOOKMARK [1][-]{section.1.1}{\376\377\000C\000a\000m\000e\000r\000a}{chapter.1}% 2
\BOOKMARK [1][-]{section.1.2}{\376\377\000P\000i\000c\000t\000u\000r\000e\000\040\000A\000c\000c\000u}{chapter.1}% 3
\BOOKMARK [1][-]{section.1.3}{\376\377\000G\000y\000r\000o\000s\000c\000o\000p\000e}{chapter.1}% 4
\BOOKMARK [1][-]{section.1.4}{\376\377\000R\000o\000b\000o\000t\000\040\000S\000e\000n\000s\000o\000r\000s}{chapter.1}% 5
\BOOKMARK [1][-]{section.1.5}{\376\377\000M\000i\000c\000r\000o\000p\000h\000o\000n\000e}{chapter.1}% 6
\BOOKMARK [1][-]{section.1.6}{\376\377\000B\000r\000i\000g\000h\000t\000n\000e\000s\000s}{chapter.1}% 7
\BOOKMARK [1][-]{section.1.7}{\376\377\000T\000i\000m\000e}{chapter.1}% 8
\BOOKMARK [0][-]{chapter.2}{\376\377\000C\000o\000m\000m\000a\000n\000d\000s}{}% 9
\BOOKMARK [1][-]{section.2.1}{\376\377\000R\000e\000a\000d}{chapter.2}% 10
\BOOKMARK [1][-]{section.2.2}{\376\377\000S\000t\000a\000r\000t\000\040\000R\000e\000a\000d\000\040\000F\000a\000s\000t}{chapter.2}% 11
\BOOKMARK [1][-]{section.2.3}{\376\377\000F\000a\000s\000t\000\040\000V\000a\000l\000u\000e}{chapter.2}% 12
\BOOKMARK [1][-]{section.2.4}{\376\377\000S\000h\000o\000w}{chapter.2}% 13
\BOOKMARK [1][-]{section.2.5}{\376\377\000S\000t\000a\000r\000t}{chapter.2}% 14
\BOOKMARK [1][-]{section.2.6}{\376\377\000B\000r\000i\000g\000h\000t\000e\000s\000t\000\040\000P\000o\000i\000n\000t}{chapter.2}% 15
\BOOKMARK [1][-]{section.2.7}{\376\377\000S\000t\000o\000p}{chapter.2}% 16
\BOOKMARK [1][-]{section.2.8}{\376\377\000L\000i\000g\000h\000t\000\040\000O\000n}{chapter.2}% 17
\BOOKMARK [1][-]{section.2.9}{\376\377\000L\000i\000g\000h\000t\000\040\000O\000f\000f}{chapter.2}% 18
\BOOKMARK [1][-]{section.2.10}{\376\377\000R\000e\000a\000d\000\040\000N\000o\000i\000s\000e\000\040\000L\000e\000v\000e\000l}{chapter.2}% 19
\BOOKMARK [1][-]{section.2.11}{\376\377\000M\000e\000a\000n\000\040\000C\000o\000l\000o\000r}{chapter.2}% 20
\BOOKMARK [1][-]{section.2.12}{\376\377\000D\000a\000r\000k\000e\000s\000t\000\040\000P\000o\000i\000n\000t}{chapter.2}% 21
\BOOKMARK [1][-]{section.2.13}{\376\377\000C\000u\000t}{chapter.2}% 22
\BOOKMARK [0][-]{chapter.3}{\376\377\000T\000e\000l\000e\000g\000r\000a\000m\000\040\000S\000t\000r\000u\000c\000t\000u\000r\000e}{}% 23
\BOOKMARK [1][-]{section.3.1}{\376\377\000G\000Y\000R\000O\000S\000C\000O\000P\000E}{chapter.3}% 24
\BOOKMARK [2][-]{subsection.3.1.1}{\376\377\000S\000T\000A\000R\000T\000\137\000R\000E\000A\000D\000\137\000F\000A\000S\000T}{section.3.1}% 25
\BOOKMARK [3][-]{subsubsection.3.1.1.1}{\376\377\000r\000e\000t\000u\000r\000n}{subsection.3.1.1}% 26
\BOOKMARK [2][-]{subsection.3.1.2}{\376\377\000R\000E\000A\000D}{section.3.1}% 27
\BOOKMARK [1][-]{section.3.2}{\376\377\000C\000A\000M\000E\000R\000A}{chapter.3}% 28
\BOOKMARK [2][-]{subsection.3.2.1}{\376\377\000R\000E\000A\000D}{section.3.2}% 29
\BOOKMARK [2][-]{subsection.3.2.2}{\376\377\000S\000T\000A\000R\000T}{section.3.2}% 30
\BOOKMARK [2][-]{subsection.3.2.3}{\376\377\000S\000T\000O\000P}{section.3.2}% 31
\BOOKMARK [2][-]{subsection.3.2.4}{\376\377\000L\000I\000G\000H\000T\000\137\000O\000N}{section.3.2}% 32
\BOOKMARK [2][-]{subsection.3.2.5}{\376\377\000L\000I\000G\000H\000T\000\137\000O\000F\000F}{section.3.2}% 33
\BOOKMARK [1][-]{section.3.3}{\376\377\000P\000I\000C\000T\000U\000R\000E\000\137\000A\000C\000C\000U}{chapter.3}% 34
\BOOKMARK [2][-]{subsection.3.3.1}{\376\377\000S\000H\000O\000W}{section.3.3}% 35
\BOOKMARK [2][-]{subsection.3.3.2}{\376\377\000B\000R\000I\000G\000H\000T\000E\000S\000T\000\137\000P\000O\000I\000N\000T}{section.3.3}% 36
\BOOKMARK [2][-]{subsection.3.3.3}{\376\377\000D\000A\000R\000K\000E\000S\000T\000\137\000P\000O\000I\000N\000T}{section.3.3}% 37
\BOOKMARK [2][-]{subsection.3.3.4}{\376\377\000M\000E\000A\000N\000\137\000C\000O\000L\000O\000R}{section.3.3}% 38
\BOOKMARK [2][-]{subsection.3.3.5}{\376\377\000C\000U\000T}{section.3.3}% 39
\BOOKMARK [1][-]{section.3.4}{\376\377\000M\000I\000C\000R\000O\000P\000H\000O\000N\000E}{chapter.3}% 40
\BOOKMARK [2][-]{subsection.3.4.1}{\376\377\000R\000E\000A\000D\000\137\000N\000O\000I\000S\000E\000\137\000L\000E\000V\000E\000L}{section.3.4}% 41
\BOOKMARK [1][-]{section.3.5}{\376\377\000B\000R\000I\000G\000H\000T\000N\000E\000S\000S}{chapter.3}% 42
\BOOKMARK [2][-]{subsection.3.5.1}{\376\377\000R\000E\000A\000D}{section.3.5}% 43
\BOOKMARK [1][-]{section.3.6}{\376\377\000T\000I\000M\000E}{chapter.3}% 44
\BOOKMARK [2][-]{subsection.3.6.1}{\376\377\000R\000E\000A\000D}{section.3.6}% 45
